<?xml version="1.0" encoding="UTF-8"?>
<!-- Generated by org.testng.reporters.JUnitReportReporter -->
<testsuite hostname="SuniJackDesktop" failures="0" tests="1" name="testcase.logintest" time="54.041" errors="0" timestamp="2020-07-08T19:01:24 IST" skipped="0">
  <testcase classname="testcase.logintest" name="testcase1" time="54.041"/>
</testsuite> <!-- testcase.logintest -->
